  [4;36;1mSQL (0.2ms)[0m   [0;1mSET NAMES 'utf8'[0m
  [4;35;1mSQL (0.1ms)[0m   [0mSET SQL_AUTO_IS_NULL=0[0m
  [4;36;1mSQL (0.4ms)[0m   [0;1mSHOW TABLES[0m
  [4;35;1mSQL (0.2ms)[0m   [0mSELECT version FROM schema_migrations[0m
  [4;36;1mSQL (0.1ms)[0m   [0;1mSET NAMES 'utf8'[0m
  [4;35;1mSQL (0.1ms)[0m   [0mSET SQL_AUTO_IS_NULL=0[0m
  [4;36;1mSQL (50.2ms)[0m   [0;1mDROP DATABASE IF EXISTS `loadstr_test`[0m
  [4;35;1mSQL (1.0ms)[0m   [0mCREATE DATABASE `loadstr_test` DEFAULT CHARACTER SET `utf8`[0m
  [4;36;1mSQL (0.2ms)[0m   [0;1mSET NAMES 'utf8'[0m
  [4;35;1mSQL (0.1ms)[0m   [0mSET SQL_AUTO_IS_NULL=0[0m
  [4;36;1mSQL (0.3ms)[0m   [0;1mSHOW TABLES[0m
  [4;35;1mSQL (4.0ms)[0m   [0mCREATE TABLE `goals` (`id` int(11) DEFAULT NULL auto_increment PRIMARY KEY, `user_id` int(11) DEFAULT 0, `message` varchar(200), `number` int(11), `current` decimal(11,2), `created_at` datetime, `updated_at` datetime, `message2` varchar(255)) ENGINE=InnoDB[0m
  [4;36;1mSQL (0.7ms)[0m   [0;1mSHOW TABLES[0m
  [4;35;1mSQL (3.3ms)[0m   [0mCREATE TABLE `histories` (`id` int(11) DEFAULT NULL auto_increment PRIMARY KEY, `goal_id` int(11), `history_at` date, `message` varchar(255), `number` integer, `style` int(11), `created_at` datetime, `updated_at` datetime, `before_number` decimal(11,2), `after_number` decimal(11,2)) ENGINE=InnoDB[0m
  [4;36;1mSQL (0.7ms)[0m   [0;1mSHOW TABLES[0m
  [4;35;1mSQL (4.1ms)[0m   [0mCREATE TABLE `open_id_authentication_associations` (`id` int(11) DEFAULT NULL auto_increment PRIMARY KEY, `issued` int(11), `lifetime` int(11), `handle` varchar(255), `assoc_type` varchar(255), `server_url` blob, `secret` blob) ENGINE=InnoDB[0m
  [4;36;1mSQL (0.7ms)[0m   [0;1mSHOW TABLES[0m
  [4;35;1mSQL (2.8ms)[0m   [0mCREATE TABLE `open_id_authentication_nonces` (`id` int(11) DEFAULT NULL auto_increment PRIMARY KEY, `timestamp` int(11) NOT NULL, `server_url` varchar(255), `salt` varchar(255) NOT NULL) ENGINE=InnoDB[0m
  [4;36;1mSQL (0.9ms)[0m   [0;1mSHOW TABLES[0m
  [4;35;1mSQL (4.2ms)[0m   [0mCREATE TABLE `profiles` (`id` int(11) DEFAULT NULL auto_increment PRIMARY KEY, `user_id` int(11), `real_name` varchar(255), `location` varchar(255), `website` varchar(255), `created_at` datetime, `updated_at` datetime, `twitter_username` varchar(255), `twitter_auth` varchar(255), `username` varchar(255)) ENGINE=InnoDB[0m
  [4;36;1mSQL (0.4ms)[0m   [0;1mSHOW TABLES[0m
  [4;35;1mSQL (2.9ms)[0m   [0mCREATE TABLE `roles` (`id` int(11) DEFAULT NULL auto_increment PRIMARY KEY, `name` varchar(255)) ENGINE=InnoDB[0m
  [4;36;1mSQL (0.7ms)[0m   [0;1mSHOW TABLES[0m
  [4;35;1mSQL (3.1ms)[0m   [0mCREATE TABLE `roles_users` (`role_id` int(11), `user_id` int(11)) ENGINE=InnoDB[0m
  [4;36;1mSQL (0.4ms)[0m   [0;1mSHOW TABLES[0m
  [4;35;1mSQL (3.4ms)[0m   [0mCREATE TABLE `settings` (`id` int(11) DEFAULT NULL auto_increment PRIMARY KEY, `label` varchar(255), `identifier` varchar(255), `description` text, `field_type` varchar(255) DEFAULT 'string', `value` text, `created_at` datetime, `updated_at` datetime) ENGINE=InnoDB[0m
  [4;36;1mSQL (0.9ms)[0m   [0;1mSHOW TABLES[0m
  [4;35;1mSQL (3.3ms)[0m   [0mCREATE TABLE `users` (`id` int(11) DEFAULT NULL auto_increment PRIMARY KEY, `login` varchar(40), `identity_url` varchar(255), `name` varchar(100) DEFAULT '', `email` varchar(100), `crypted_password` varchar(40), `salt` varchar(40), `remember_token` varchar(40), `activation_code` varchar(40), `state` varchar(255) DEFAULT 'passive', `twitter_login` varchar(255), `twitter_auth` varchar(255), `remember_token_expires_at` datetime, `password_reset_code` varchar(255), `activated_at` datetime, `deleted_at` datetime, `created_at` datetime, `updated_at` datetime) ENGINE=InnoDB[0m
  [4;36;1mSQL (20.2ms)[0m   [0;1mCREATE UNIQUE INDEX `index_users_on_login` ON `users` (`login`)[0m
  [4;35;1mSQL (0.8ms)[0m   [0mSHOW TABLES[0m
  [4;36;1mSQL (7.6ms)[0m   [0;1mCREATE TABLE `schema_migrations` (`version` varchar(255) NOT NULL) ENGINE=InnoDB[0m
  [4;35;1mSQL (12.1ms)[0m   [0mCREATE UNIQUE INDEX `unique_schema_migrations` ON `schema_migrations` (`version`)[0m
  [4;36;1mSQL (1.0ms)[0m   [0;1mSHOW TABLES[0m
  [4;35;1mSQL (1.5ms)[0m   [0mSELECT version FROM `schema_migrations`[0m
  [4;36;1mSQL (0.9ms)[0m   [0;1mINSERT INTO `schema_migrations` (version) VALUES ('20090105111235')[0m
  [4;35;1mSQL (1.7ms)[0m   [0mINSERT INTO `schema_migrations` (version) VALUES ('20081023115224')[0m
  [4;36;1mSQL (2.1ms)[0m   [0;1mINSERT INTO `schema_migrations` (version) VALUES ('20081230052216')[0m
  [4;35;1mSQL (1.6ms)[0m   [0mINSERT INTO `schema_migrations` (version) VALUES ('20081230052912')[0m
  [4;36;1mSQL (1.7ms)[0m   [0;1mINSERT INTO `schema_migrations` (version) VALUES ('20081230055001')[0m
  [4;35;1mSQL (1.9ms)[0m   [0mINSERT INTO `schema_migrations` (version) VALUES ('20081230055733')[0m
  [4;36;1mSQL (1.5ms)[0m   [0;1mINSERT INTO `schema_migrations` (version) VALUES ('20081231144601')[0m
  [4;36;1mSQL (0.2ms)[0m   [0;1mSET NAMES 'utf8'[0m
  [4;35;1mSQL (0.1ms)[0m   [0mSET SQL_AUTO_IS_NULL=0[0m
  [4;36;1mSQL (0.4ms)[0m   [0;1mSHOW TABLES[0m
  [4;35;1mSQL (0.2ms)[0m   [0mSELECT version FROM schema_migrations[0m
  [4;36;1mSQL (0.1ms)[0m   [0;1mSET NAMES 'utf8'[0m
  [4;35;1mSQL (0.1ms)[0m   [0mSET SQL_AUTO_IS_NULL=0[0m
  [4;36;1mSQL (34.2ms)[0m   [0;1mDROP DATABASE IF EXISTS `loadstr_test`[0m
  [4;35;1mSQL (0.9ms)[0m   [0mCREATE DATABASE `loadstr_test` DEFAULT CHARACTER SET `utf8`[0m
  [4;36;1mSQL (0.2ms)[0m   [0;1mSET NAMES 'utf8'[0m
  [4;35;1mSQL (0.1ms)[0m   [0mSET SQL_AUTO_IS_NULL=0[0m
  [4;36;1mSQL (0.4ms)[0m   [0;1mSHOW TABLES[0m
  [4;35;1mSQL (3.2ms)[0m   [0mCREATE TABLE `goals` (`id` int(11) DEFAULT NULL auto_increment PRIMARY KEY, `user_id` int(11) DEFAULT 0, `message` varchar(200), `number` int(11), `current` decimal(11,2), `created_at` datetime, `updated_at` datetime, `message2` varchar(255)) ENGINE=InnoDB[0m
  [4;36;1mSQL (0.6ms)[0m   [0;1mSHOW TABLES[0m
  [4;35;1mSQL (5.2ms)[0m   [0mCREATE TABLE `histories` (`id` int(11) DEFAULT NULL auto_increment PRIMARY KEY, `goal_id` int(11), `history_at` date, `message` varchar(255), `number` integer, `style` int(11), `created_at` datetime, `updated_at` datetime, `before_number` decimal(11,2), `after_number` decimal(11,2)) ENGINE=InnoDB[0m
  [4;36;1mSQL (0.7ms)[0m   [0;1mSHOW TABLES[0m
  [4;35;1mSQL (3.3ms)[0m   [0mCREATE TABLE `open_id_authentication_associations` (`id` int(11) DEFAULT NULL auto_increment PRIMARY KEY, `issued` int(11), `lifetime` int(11), `handle` varchar(255), `assoc_type` varchar(255), `server_url` blob, `secret` blob) ENGINE=InnoDB[0m
  [4;36;1mSQL (0.7ms)[0m   [0;1mSHOW TABLES[0m
  [4;35;1mSQL (3.2ms)[0m   [0mCREATE TABLE `open_id_authentication_nonces` (`id` int(11) DEFAULT NULL auto_increment PRIMARY KEY, `timestamp` int(11) NOT NULL, `server_url` varchar(255), `salt` varchar(255) NOT NULL) ENGINE=InnoDB[0m
  [4;36;1mSQL (0.6ms)[0m   [0;1mSHOW TABLES[0m
  [4;35;1mSQL (4.6ms)[0m   [0mCREATE TABLE `profiles` (`id` int(11) DEFAULT NULL auto_increment PRIMARY KEY, `user_id` int(11), `real_name` varchar(255), `location` varchar(255), `website` varchar(255), `created_at` datetime, `updated_at` datetime, `twitter_username` varchar(255), `twitter_auth` varchar(255), `username` varchar(255)) ENGINE=InnoDB[0m
  [4;36;1mSQL (0.7ms)[0m   [0;1mSHOW TABLES[0m
  [4;35;1mSQL (4.3ms)[0m   [0mCREATE TABLE `roles` (`id` int(11) DEFAULT NULL auto_increment PRIMARY KEY, `name` varchar(255)) ENGINE=InnoDB[0m
  [4;36;1mSQL (0.7ms)[0m   [0;1mSHOW TABLES[0m
  [4;35;1mSQL (5.5ms)[0m   [0mCREATE TABLE `roles_users` (`role_id` int(11), `user_id` int(11)) ENGINE=InnoDB[0m
  [4;36;1mSQL (0.8ms)[0m   [0;1mSHOW TABLES[0m
  [4;35;1mSQL (4.3ms)[0m   [0mCREATE TABLE `settings` (`id` int(11) DEFAULT NULL auto_increment PRIMARY KEY, `label` varchar(255), `identifier` varchar(255), `description` text, `field_type` varchar(255) DEFAULT 'string', `value` text, `created_at` datetime, `updated_at` datetime) ENGINE=InnoDB[0m
  [4;36;1mSQL (1.0ms)[0m   [0;1mSHOW TABLES[0m
  [4;35;1mSQL (5.7ms)[0m   [0mCREATE TABLE `users` (`id` int(11) DEFAULT NULL auto_increment PRIMARY KEY, `login` varchar(40), `identity_url` varchar(255), `name` varchar(100) DEFAULT '', `email` varchar(100), `crypted_password` varchar(40), `salt` varchar(40), `remember_token` varchar(40), `activation_code` varchar(40), `state` varchar(255) DEFAULT 'passive', `twitter_login` varchar(255), `twitter_auth` varchar(255), `remember_token_expires_at` datetime, `password_reset_code` varchar(255), `activated_at` datetime, `deleted_at` datetime, `created_at` datetime, `updated_at` datetime) ENGINE=InnoDB[0m
  [4;36;1mSQL (84.4ms)[0m   [0;1mCREATE UNIQUE INDEX `index_users_on_login` ON `users` (`login`)[0m
  [4;35;1mSQL (0.6ms)[0m   [0mSHOW TABLES[0m
  [4;36;1mSQL (2.2ms)[0m   [0;1mCREATE TABLE `schema_migrations` (`version` varchar(255) NOT NULL) ENGINE=InnoDB[0m
  [4;35;1mSQL (8.4ms)[0m   [0mCREATE UNIQUE INDEX `unique_schema_migrations` ON `schema_migrations` (`version`)[0m
  [4;36;1mSQL (0.4ms)[0m   [0;1mSHOW TABLES[0m
  [4;35;1mSQL (0.3ms)[0m   [0mSELECT version FROM `schema_migrations`[0m
  [4;36;1mSQL (0.7ms)[0m   [0;1mINSERT INTO `schema_migrations` (version) VALUES ('20090105111235')[0m
  [4;35;1mSQL (0.8ms)[0m   [0mINSERT INTO `schema_migrations` (version) VALUES ('20081023115224')[0m
  [4;36;1mSQL (0.9ms)[0m   [0;1mINSERT INTO `schema_migrations` (version) VALUES ('20081230052216')[0m
  [4;35;1mSQL (0.8ms)[0m   [0mINSERT INTO `schema_migrations` (version) VALUES ('20081230052912')[0m
  [4;36;1mSQL (0.8ms)[0m   [0;1mINSERT INTO `schema_migrations` (version) VALUES ('20081230055001')[0m
  [4;35;1mSQL (0.8ms)[0m   [0mINSERT INTO `schema_migrations` (version) VALUES ('20081230055733')[0m
  [4;36;1mSQL (0.9ms)[0m   [0;1mINSERT INTO `schema_migrations` (version) VALUES ('20081231144601')[0m
  [4;36;1mSQL (0.2ms)[0m   [0;1mSET NAMES 'utf8'[0m
  [4;35;1mSQL (0.3ms)[0m   [0mSET SQL_AUTO_IS_NULL=0[0m
  [4;36;1mSQL (0.9ms)[0m   [0;1mSHOW TABLES[0m
  [4;35;1mSQL (0.4ms)[0m   [0mSELECT version FROM schema_migrations[0m
  [4;36;1mSQL (0.1ms)[0m   [0;1mSET NAMES 'utf8'[0m
  [4;35;1mSQL (0.1ms)[0m   [0mSET SQL_AUTO_IS_NULL=0[0m
  [4;36;1mSQL (41.1ms)[0m   [0;1mDROP DATABASE IF EXISTS `loadstr_test`[0m
  [4;35;1mSQL (0.5ms)[0m   [0mCREATE DATABASE `loadstr_test` DEFAULT CHARACTER SET `utf8`[0m
  [4;36;1mSQL (0.1ms)[0m   [0;1mSET NAMES 'utf8'[0m
  [4;35;1mSQL (0.1ms)[0m   [0mSET SQL_AUTO_IS_NULL=0[0m
  [4;36;1mSQL (0.5ms)[0m   [0;1mSHOW TABLES[0m
  [4;35;1mSQL (4.6ms)[0m   [0mCREATE TABLE `goals` (`id` int(11) DEFAULT NULL auto_increment PRIMARY KEY, `user_id` int(11) DEFAULT 0, `message` varchar(200), `number` int(11), `current` decimal(11,2), `created_at` datetime, `updated_at` datetime, `message2` varchar(255)) ENGINE=InnoDB[0m
  [4;36;1mSQL (0.7ms)[0m   [0;1mSHOW TABLES[0m
  [4;35;1mSQL (4.4ms)[0m   [0mCREATE TABLE `histories` (`id` int(11) DEFAULT NULL auto_increment PRIMARY KEY, `goal_id` int(11), `history_at` date, `message` varchar(255), `number` integer, `style` int(11), `created_at` datetime, `updated_at` datetime, `before_number` decimal(11,2), `after_number` decimal(11,2)) ENGINE=InnoDB[0m
  [4;36;1mSQL (0.9ms)[0m   [0;1mSHOW TABLES[0m
  [4;35;1mSQL (3.5ms)[0m   [0mCREATE TABLE `open_id_authentication_associations` (`id` int(11) DEFAULT NULL auto_increment PRIMARY KEY, `issued` int(11), `lifetime` int(11), `handle` varchar(255), `assoc_type` varchar(255), `server_url` blob, `secret` blob) ENGINE=InnoDB[0m
  [4;36;1mSQL (0.4ms)[0m   [0;1mSHOW TABLES[0m
  [4;35;1mSQL (3.4ms)[0m   [0mCREATE TABLE `open_id_authentication_nonces` (`id` int(11) DEFAULT NULL auto_increment PRIMARY KEY, `timestamp` int(11) NOT NULL, `server_url` varchar(255), `salt` varchar(255) NOT NULL) ENGINE=InnoDB[0m
  [4;36;1mSQL (0.7ms)[0m   [0;1mSHOW TABLES[0m
  [4;35;1mSQL (3.6ms)[0m   [0mCREATE TABLE `profiles` (`id` int(11) DEFAULT NULL auto_increment PRIMARY KEY, `user_id` int(11), `real_name` varchar(255), `location` varchar(255), `website` varchar(255), `created_at` datetime, `updated_at` datetime, `twitter_username` varchar(255), `twitter_auth` varchar(255), `username` varchar(255)) ENGINE=InnoDB[0m
  [4;36;1mSQL (0.6ms)[0m   [0;1mSHOW TABLES[0m
  [4;35;1mSQL (5.5ms)[0m   [0mCREATE TABLE `roles` (`id` int(11) DEFAULT NULL auto_increment PRIMARY KEY, `name` varchar(255)) ENGINE=InnoDB[0m
  [4;36;1mSQL (0.7ms)[0m   [0;1mSHOW TABLES[0m
  [4;35;1mSQL (3.3ms)[0m   [0mCREATE TABLE `roles_users` (`role_id` int(11), `user_id` int(11)) ENGINE=InnoDB[0m
  [4;36;1mSQL (0.5ms)[0m   [0;1mSHOW TABLES[0m
  [4;35;1mSQL (5.5ms)[0m   [0mCREATE TABLE `settings` (`id` int(11) DEFAULT NULL auto_increment PRIMARY KEY, `label` varchar(255), `identifier` varchar(255), `description` text, `field_type` varchar(255) DEFAULT 'string', `value` text, `created_at` datetime, `updated_at` datetime) ENGINE=InnoDB[0m
  [4;36;1mSQL (2.1ms)[0m   [0;1mSHOW TABLES[0m
  [4;35;1mSQL (6.2ms)[0m   [0mCREATE TABLE `users` (`id` int(11) DEFAULT NULL auto_increment PRIMARY KEY, `login` varchar(40), `identity_url` varchar(255), `name` varchar(100) DEFAULT '', `email` varchar(100), `crypted_password` varchar(40), `salt` varchar(40), `remember_token` varchar(40), `activation_code` varchar(40), `state` varchar(255) DEFAULT 'passive', `twitter_login` varchar(255), `twitter_auth` varchar(255), `remember_token_expires_at` datetime, `password_reset_code` varchar(255), `activated_at` datetime, `deleted_at` datetime, `created_at` datetime, `updated_at` datetime) ENGINE=InnoDB[0m
  [4;36;1mSQL (13.9ms)[0m   [0;1mCREATE UNIQUE INDEX `index_users_on_login` ON `users` (`login`)[0m
  [4;35;1mSQL (0.8ms)[0m   [0mSHOW TABLES[0m
  [4;36;1mSQL (3.0ms)[0m   [0;1mCREATE TABLE `schema_migrations` (`version` varchar(255) NOT NULL) ENGINE=InnoDB[0m
  [4;35;1mSQL (12.3ms)[0m   [0mCREATE UNIQUE INDEX `unique_schema_migrations` ON `schema_migrations` (`version`)[0m
  [4;36;1mSQL (1.3ms)[0m   [0;1mSHOW TABLES[0m
  [4;35;1mSQL (0.4ms)[0m   [0mSELECT version FROM `schema_migrations`[0m
  [4;36;1mSQL (0.9ms)[0m   [0;1mINSERT INTO `schema_migrations` (version) VALUES ('20090105111235')[0m
  [4;35;1mSQL (1.6ms)[0m   [0mINSERT INTO `schema_migrations` (version) VALUES ('20081023115224')[0m
  [4;36;1mSQL (1.7ms)[0m   [0;1mINSERT INTO `schema_migrations` (version) VALUES ('20081230052216')[0m
  [4;35;1mSQL (1.9ms)[0m   [0mINSERT INTO `schema_migrations` (version) VALUES ('20081230052912')[0m
  [4;36;1mSQL (1.6ms)[0m   [0;1mINSERT INTO `schema_migrations` (version) VALUES ('20081230055001')[0m
  [4;35;1mSQL (1.6ms)[0m   [0mINSERT INTO `schema_migrations` (version) VALUES ('20081230055733')[0m
  [4;36;1mSQL (1.8ms)[0m   [0;1mINSERT INTO `schema_migrations` (version) VALUES ('20081231144601')[0m
  [4;36;1mSQL (0.2ms)[0m   [0;1mSET NAMES 'utf8'[0m
  [4;35;1mSQL (0.1ms)[0m   [0mSET SQL_AUTO_IS_NULL=0[0m
  [4;36;1mSQL (0.4ms)[0m   [0;1mSHOW TABLES[0m
  [4;35;1mSQL (0.2ms)[0m   [0mSELECT version FROM schema_migrations[0m
  [4;36;1mSQL (0.1ms)[0m   [0;1mSET NAMES 'utf8'[0m
  [4;35;1mSQL (0.1ms)[0m   [0mSET SQL_AUTO_IS_NULL=0[0m
  [4;36;1mSQL (50.3ms)[0m   [0;1mDROP DATABASE IF EXISTS `loadstr_test`[0m
  [4;35;1mSQL (0.9ms)[0m   [0mCREATE DATABASE `loadstr_test` DEFAULT CHARACTER SET `utf8`[0m
  [4;36;1mSQL (0.2ms)[0m   [0;1mSET NAMES 'utf8'[0m
  [4;35;1mSQL (0.1ms)[0m   [0mSET SQL_AUTO_IS_NULL=0[0m
  [4;36;1mSQL (0.3ms)[0m   [0;1mSHOW TABLES[0m
  [4;35;1mSQL (4.8ms)[0m   [0mCREATE TABLE `goals` (`id` int(11) DEFAULT NULL auto_increment PRIMARY KEY, `user_id` int(11) DEFAULT 0, `message` varchar(200), `number` int(11), `current` decimal(11,2), `created_at` datetime, `updated_at` datetime, `message2` varchar(255)) ENGINE=InnoDB[0m
  [4;36;1mSQL (0.8ms)[0m   [0;1mSHOW TABLES[0m
  [4;35;1mSQL (3.5ms)[0m   [0mCREATE TABLE `histories` (`id` int(11) DEFAULT NULL auto_increment PRIMARY KEY, `goal_id` int(11), `history_at` date, `message` varchar(255), `number` integer, `style` int(11), `created_at` datetime, `updated_at` datetime, `before_number` decimal(11,2), `after_number` decimal(11,2)) ENGINE=InnoDB[0m
  [4;36;1mSQL (0.4ms)[0m   [0;1mSHOW TABLES[0m
  [4;35;1mSQL (4.4ms)[0m   [0mCREATE TABLE `open_id_authentication_associations` (`id` int(11) DEFAULT NULL auto_increment PRIMARY KEY, `issued` int(11), `lifetime` int(11), `handle` varchar(255), `assoc_type` varchar(255), `server_url` blob, `secret` blob) ENGINE=InnoDB[0m
  [4;36;1mSQL (0.7ms)[0m   [0;1mSHOW TABLES[0m
  [4;35;1mSQL (3.7ms)[0m   [0mCREATE TABLE `open_id_authentication_nonces` (`id` int(11) DEFAULT NULL auto_increment PRIMARY KEY, `timestamp` int(11) NOT NULL, `server_url` varchar(255), `salt` varchar(255) NOT NULL) ENGINE=InnoDB[0m
  [4;36;1mSQL (0.3ms)[0m   [0;1mSHOW TABLES[0m
  [4;35;1mSQL (4.6ms)[0m   [0mCREATE TABLE `profiles` (`id` int(11) DEFAULT NULL auto_increment PRIMARY KEY, `user_id` int(11), `real_name` varchar(255), `location` varchar(255), `website` varchar(255), `created_at` datetime, `updated_at` datetime, `twitter_username` varchar(255), `twitter_auth` varchar(255), `username` varchar(255)) ENGINE=InnoDB[0m
  [4;36;1mSQL (0.7ms)[0m   [0;1mSHOW TABLES[0m
  [4;35;1mSQL (4.8ms)[0m   [0mCREATE TABLE `roles` (`id` int(11) DEFAULT NULL auto_increment PRIMARY KEY, `name` varchar(255)) ENGINE=InnoDB[0m
  [4;36;1mSQL (0.6ms)[0m   [0;1mSHOW TABLES[0m
  [4;35;1mSQL (4.5ms)[0m   [0mCREATE TABLE `roles_users` (`role_id` int(11), `user_id` int(11)) ENGINE=InnoDB[0m
  [4;36;1mSQL (0.7ms)[0m   [0;1mSHOW TABLES[0m
  [4;35;1mSQL (2.7ms)[0m   [0mCREATE TABLE `settings` (`id` int(11) DEFAULT NULL auto_increment PRIMARY KEY, `label` varchar(255), `identifier` varchar(255), `description` text, `field_type` varchar(255) DEFAULT 'string', `value` text, `created_at` datetime, `updated_at` datetime) ENGINE=InnoDB[0m
  [4;36;1mSQL (0.5ms)[0m   [0;1mSHOW TABLES[0m
  [4;35;1mSQL (3.7ms)[0m   [0mCREATE TABLE `users` (`id` int(11) DEFAULT NULL auto_increment PRIMARY KEY, `login` varchar(40), `identity_url` varchar(255), `name` varchar(100) DEFAULT '', `email` varchar(100), `crypted_password` varchar(40), `salt` varchar(40), `remember_token` varchar(40), `activation_code` varchar(40), `state` varchar(255) DEFAULT 'passive', `twitter_login` varchar(255), `twitter_auth` varchar(255), `remember_token_expires_at` datetime, `password_reset_code` varchar(255), `activated_at` datetime, `deleted_at` datetime, `created_at` datetime, `updated_at` datetime) ENGINE=InnoDB[0m
  [4;36;1mSQL (49.2ms)[0m   [0;1mCREATE UNIQUE INDEX `index_users_on_login` ON `users` (`login`)[0m
  [4;35;1mSQL (0.4ms)[0m   [0mSHOW TABLES[0m
  [4;36;1mSQL (4.1ms)[0m   [0;1mCREATE TABLE `schema_migrations` (`version` varchar(255) NOT NULL) ENGINE=InnoDB[0m
  [4;35;1mSQL (9.0ms)[0m   [0mCREATE UNIQUE INDEX `unique_schema_migrations` ON `schema_migrations` (`version`)[0m
  [4;36;1mSQL (0.9ms)[0m   [0;1mSHOW TABLES[0m
  [4;35;1mSQL (1.7ms)[0m   [0mSELECT version FROM `schema_migrations`[0m
  [4;36;1mSQL (1.1ms)[0m   [0;1mINSERT INTO `schema_migrations` (version) VALUES ('20090105111235')[0m
  [4;35;1mSQL (0.7ms)[0m   [0mINSERT INTO `schema_migrations` (version) VALUES ('20081023115224')[0m
  [4;36;1mSQL (0.8ms)[0m   [0;1mINSERT INTO `schema_migrations` (version) VALUES ('20081230052216')[0m
  [4;35;1mSQL (0.8ms)[0m   [0mINSERT INTO `schema_migrations` (version) VALUES ('20081230052912')[0m
  [4;36;1mSQL (0.8ms)[0m   [0;1mINSERT INTO `schema_migrations` (version) VALUES ('20081230055001')[0m
  [4;35;1mSQL (0.8ms)[0m   [0mINSERT INTO `schema_migrations` (version) VALUES ('20081230055733')[0m
  [4;36;1mSQL (0.8ms)[0m   [0;1mINSERT INTO `schema_migrations` (version) VALUES ('20081231144601')[0m
